[debug] [2022-10-25T15:19:10.740Z] ----------------------------------------------------------------------
[debug] [2022-10-25T15:19:10.742Z] Command:       C:\Program Files\nodejs\node.exe C:\Users\amal\AppData\Roaming\npm\node_modules\firebase-tools\lib\bin\firebase.js init
[debug] [2022-10-25T15:19:10.743Z] CLI Version:   11.15.0
[debug] [2022-10-25T15:19:10.743Z] Platform:      win32
[debug] [2022-10-25T15:19:10.743Z] Node Version:  v16.17.0
[debug] [2022-10-25T15:19:10.745Z] Time:          Tue Oct 25 2022 20:49:10 GMT+0530 (India Standard Time)
[debug] [2022-10-25T15:19:10.745Z] ----------------------------------------------------------------------
[debug] 
[debug] [2022-10-25T15:19:10.755Z] > command requires scopes: ["email","openid","https://www.googleapis.com/auth/cloudplatformprojects.readonly","https://www.googleapis.com/auth/firebase","https://www.googleapis.com/auth/cloud-platform"]
[debug] [2022-10-25T15:19:10.756Z] > authorizing via signed-in user (amalsunil863@gmail.com)
[info] 
     ######## #### ########  ######## ########     ###     ######  ########
     ##        ##  ##     ## ##       ##     ##  ##   ##  ##       ##
     ######    ##  ########  ######   ########  #########  ######  ######
     ##        ##  ##    ##  ##       ##     ## ##     ##       ## ##
     ##       #### ##     ## ######## ########  ##     ##  ######  ########

You're about to initialize a Firebase project in this directory:

  C:\Users\amal\Documents\react\my-project

[info] 
=== Project Setup
[info] 
[info] First, let's associate this project directory with a Firebase project.
[info] You can create multiple project aliases by running firebase use --add, 
[info] but for now we'll just set up a default project.
[info] 
[debug] [2022-10-25T15:19:52.515Z] >>> [apiv2][query] GET https://firebase.googleapis.com/v1beta1/projects pageSize=100
[debug] [2022-10-25T15:19:53.397Z] <<< [apiv2][status] GET https://firebase.googleapis.com/v1beta1/projects 200
[debug] [2022-10-25T15:19:53.398Z] <<< [apiv2][body] GET https://firebase.googleapis.com/v1beta1/projects [omitted]
[info] i  Using project netflix-clone-f11f4 (netflix-clone) 
[info] 
=== Hosting Setup
[info] 
[info] Your public directory is the folder (relative to your project directory) that
[info] will contain Hosting assets to be uploaded with firebase deploy. If you
[info] have a build process for your assets, use your build's output directory.
[info] 
[debug] [2022-10-25T15:21:04.601Z] >>> [apiv2][query] GET https://www.gstatic.com/firebasejs/releases.json [none]
[debug] [2022-10-25T15:21:04.768Z] <<< [apiv2][status] GET https://www.gstatic.com/firebasejs/releases.json 200
[debug] [2022-10-25T15:21:04.769Z] <<< [apiv2][body] GET https://www.gstatic.com/firebasejs/releases.json {"current":{"version":"9.12.1","browserURL":"https://www.gstatic.com/firebasejs/9.12.1/firebase.js","packageURL":"https://www.gstatic.com/firebasejs/9.12.1/firebase.tgz"},"live":{"version":"9.12","browserURL":"https://www.gstatic.com/firebasejs/live/9.12/firebase.js","packageURL":"https://www.gstatic.com/firebasejs/live/9.12/firebase.tgz"},"components":{"analytics":"https://www.gstatic.com/firebasejs/9.12.1/firebase-analytics.js","app":"https://www.gstatic.com/firebasejs/9.12.1/firebase-app.js","app-check":"https://www.gstatic.com/firebasejs/9.12.1/firebase-app-check.js","auth":"https://www.gstatic.com/firebasejs/9.12.1/firebase-auth.js","auth/cordova":"https://www.gstatic.com/firebasejs/9.12.1/firebase-auth/cordova.js","auth/react-native":"https://www.gstatic.com/firebasejs/9.12.1/firebase-auth/react-native.js","functions":"https://www.gstatic.com/firebasejs/9.12.1/firebase-functions.js","firestore":"https://www.gstatic.com/firebasejs/9.12.1/firebase-firestore.js","firestore/lite":"https://www.gstatic.com/firebasejs/9.12.1/firebase-firestore/lite.js","installations":"https://www.gstatic.com/firebasejs/9.12.1/firebase-installations.js","storage":"https://www.gstatic.com/firebasejs/9.12.1/firebase-storage.js","performance":"https://www.gstatic.com/firebasejs/9.12.1/firebase-performance.js","remote-config":"https://www.gstatic.com/firebasejs/9.12.1/firebase-remote-config.js","messaging":"https://www.gstatic.com/firebasejs/9.12.1/firebase-messaging.js","messaging/sw":"https://www.gstatic.com/firebasejs/9.12.1/firebase-messaging/sw.js","database":"https://www.gstatic.com/firebasejs/9.12.1/firebase-database.js","firestore.memory":"https://www.gstatic.com/firebasejs/9.12.1/firebase-firestore.memory.js"}}
[info] +  Wrote build/index.html 
[info] 
[info] i  Detected a .git folder at C:\Users\amal\Documents\react\my-project 
[info] i  Authorizing with GitHub to upload your service account to a GitHub repository's secrets store. 
[info] 
[info] Visit this URL on this device to log in:
[info] https://github.com/login/oauth/authorize?client_id=89cf50f02ac6aaed3484&state=553932581&redirect_uri=http%3A%2F%2Flocalhost%3A9005&scope=read%3Auser%20repo%20public_repo
[info] 
[info] Waiting for authentication...
[debug] [2022-10-25T15:23:01.177Z] >>> [apiv2][query] POST https://github.com/login/oauth/access_token [none]
[debug] [2022-10-25T15:23:01.177Z] >>> [apiv2][body] POST https://github.com/login/oauth/access_token [stream]
[debug] [2022-10-25T15:23:01.645Z] <<< [apiv2][status] POST https://github.com/login/oauth/access_token 200
[debug] [2022-10-25T15:23:01.646Z] <<< [apiv2][body] POST https://github.com/login/oauth/access_token {"access_token":"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","token_type":"bearer","scope":"read:user,repo"}
[debug] [2022-10-25T15:23:01.654Z] >>> [apiv2][query] GET https://api.github.com/user [none]
[debug] [2022-10-25T15:23:02.357Z] <<< [apiv2][status] GET https://api.github.com/user 200
[debug] [2022-10-25T15:23:02.357Z] <<< [apiv2][body] GET https://api.github.com/user {"login":"capebaldie","id":95291808,"node_id":"U_kgDOBa4JoA","avatar_url":"https://avatars.githubusercontent.com/u/95291808?v=4","gravatar_id":"","url":"https://api.github.com/users/capebaldie","html_url":"https://github.com/capebaldie","followers_url":"https://api.github.com/users/capebaldie/followers","following_url":"https://api.github.com/users/capebaldie/following{/other_user}","gists_url":"https://api.github.com/users/capebaldie/gists{/gist_id}","starred_url":"https://api.github.com/users/capebaldie/starred{/owner}{/repo}","subscriptions_url":"https://api.github.com/users/capebaldie/subscriptions","organizations_url":"https://api.github.com/users/capebaldie/orgs","repos_url":"https://api.github.com/users/capebaldie/repos","events_url":"https://api.github.com/users/capebaldie/events{/privacy}","received_events_url":"https://api.github.com/users/capebaldie/received_events","type":"User","site_admin":false,"name":null,"company":null,"blog":"","location":null,"email":null,"hireable":null,"bio":null,"twitter_username":null,"public_repos":4,"public_gists":0,"followers":0,"following":0,"created_at":"2021-11-30T13:09:03Z","updated_at":"2022-08-03T06:15:39Z","private_gists":0,"total_private_repos":1,"owned_private_repos":1,"disk_usage":96,"collaborators":0,"two_factor_authentication":false,"plan":{"name":"free","space":976562499,"collaborators":0,"private_repos":10000}}
[info] 
[info] +  Success! Logged into GitHub as capebaldie 
[info] 
[debug] [2022-10-25T15:24:19.113Z] >>> [apiv2][query] GET https://api.github.com/repos//actions/secrets/public-key type=owner
[debug] [2022-10-25T15:24:19.495Z] <<< [apiv2][status] GET https://api.github.com/repos//actions/secrets/public-key 404
[debug] [2022-10-25T15:24:19.495Z] <<< [apiv2][body] GET https://api.github.com/repos//actions/secrets/public-key {"message":"Not Found","documentation_url":"https://docs.github.com/rest"}
[debug] [2022-10-25T15:24:19.997Z] >>> [apiv2][query] GET https://api.github.com/repos//actions/secrets/public-key type=owner
[debug] [2022-10-25T15:24:20.350Z] <<< [apiv2][status] GET https://api.github.com/repos//actions/secrets/public-key 404
[debug] [2022-10-25T15:24:20.350Z] <<< [apiv2][body] GET https://api.github.com/repos//actions/secrets/public-key {"message":"Not Found","documentation_url":"https://docs.github.com/rest"}
[debug] [2022-10-25T15:24:25.484Z] >>> [apiv2][query] GET https://api.github.com/repos/n/actions/secrets/public-key type=owner
[debug] [2022-10-25T15:24:25.863Z] <<< [apiv2][status] GET https://api.github.com/repos/n/actions/secrets/public-key 404
[debug] [2022-10-25T15:24:25.863Z] <<< [apiv2][body] GET https://api.github.com/repos/n/actions/secrets/public-key {"message":"Not Found","documentation_url":"https://docs.github.com/rest"}
[debug] [2022-10-25T15:24:26.229Z] >>> [apiv2][query] GET https://api.github.com/repos/n/actions/secrets/public-key type=owner
[debug] [2022-10-25T15:24:26.676Z] <<< [apiv2][status] GET https://api.github.com/repos/n/actions/secrets/public-key 404
[debug] [2022-10-25T15:24:26.676Z] <<< [apiv2][body] GET https://api.github.com/repos/n/actions/secrets/public-key {"message":"Not Found","documentation_url":"https://docs.github.com/rest"}
[debug] [2022-10-25T15:24:38.270Z] >>> [apiv2][query] GET https://api.github.com/repos/repository/actions/secrets/public-key type=owner
[debug] [2022-10-25T15:24:38.645Z] <<< [apiv2][status] GET https://api.github.com/repos/repository/actions/secrets/public-key 404
[debug] [2022-10-25T15:24:38.645Z] <<< [apiv2][body] GET https://api.github.com/repos/repository/actions/secrets/public-key {"message":"Not Found","documentation_url":"https://docs.github.com/rest"}
[debug] [2022-10-25T15:28:44.957Z] >>> [apiv2][query] GET https://api.github.com/repos/capbaldie/netflix-clone/actions/secrets/public-key type=owner
[debug] [2022-10-25T15:28:45.362Z] <<< [apiv2][status] GET https://api.github.com/repos/capbaldie/netflix-clone/actions/secrets/public-key 404
[debug] [2022-10-25T15:28:45.362Z] <<< [apiv2][body] GET https://api.github.com/repos/capbaldie/netflix-clone/actions/secrets/public-key {"message":"Not Found","documentation_url":"https://docs.github.com/rest/reference/actions#get-a-repository-public-key"}
[debug] [2022-10-25T15:28:46.007Z] >>> [apiv2][query] GET https://api.github.com/repos/capbaldie/netflix-clone/actions/secrets/public-key type=owner
[debug] [2022-10-25T15:28:46.207Z] >>> [apiv2][query] GET https://api.github.com/repos//actions/secrets/public-key type=owner
[debug] [2022-10-25T15:28:46.381Z] >>> [apiv2][query] GET https://api.github.com/repos//actions/secrets/public-key type=owner
[debug] [2022-10-25T15:28:46.426Z] <<< [apiv2][status] GET https://api.github.com/repos/capbaldie/netflix-clone/actions/secrets/public-key 404
[debug] [2022-10-25T15:28:46.426Z] <<< [apiv2][body] GET https://api.github.com/repos/capbaldie/netflix-clone/actions/secrets/public-key {"message":"Not Found","documentation_url":"https://docs.github.com/rest/reference/actions#get-a-repository-public-key"}
[debug] [2022-10-25T15:28:46.512Z] >>> [apiv2][query] GET https://api.github.com/repos/capbaldie/netflix-clone/actions/secrets/public-key type=owner
[debug] [2022-10-25T15:28:46.568Z] <<< [apiv2][status] GET https://api.github.com/repos//actions/secrets/public-key 404
[debug] [2022-10-25T15:28:46.568Z] <<< [apiv2][body] GET https://api.github.com/repos//actions/secrets/public-key {"message":"Not Found","documentation_url":"https://docs.github.com/rest"}
[debug] [2022-10-25T15:28:46.787Z] <<< [apiv2][status] GET https://api.github.com/repos//actions/secrets/public-key 404
[debug] [2022-10-25T15:28:46.787Z] <<< [apiv2][body] GET https://api.github.com/repos//actions/secrets/public-key {"message":"Not Found","documentation_url":"https://docs.github.com/rest"}
[debug] [2022-10-25T15:28:46.883Z] <<< [apiv2][status] GET https://api.github.com/repos/capbaldie/netflix-clone/actions/secrets/public-key 404
[debug] [2022-10-25T15:28:46.883Z] <<< [apiv2][body] GET https://api.github.com/repos/capbaldie/netflix-clone/actions/secrets/public-key {"message":"Not Found","documentation_url":"https://docs.github.com/rest/reference/actions#get-a-repository-public-key"}
[debug] [2022-10-25T15:28:47.308Z] >>> [apiv2][query] GET https://api.github.com/repos/capbaldie/netflix-clone/actions/secrets/public-key type=owner
[debug] [2022-10-25T15:28:47.507Z] >>> [apiv2][query] GET https://api.github.com/repos//actions/secrets/public-key type=owner
[debug] [2022-10-25T15:28:47.657Z] >>> [apiv2][query] GET https://api.github.com/repos//actions/secrets/public-key type=owner
[debug] [2022-10-25T15:28:47.754Z] <<< [apiv2][status] GET https://api.github.com/repos/capbaldie/netflix-clone/actions/secrets/public-key 404
[debug] [2022-10-25T15:28:47.754Z] <<< [apiv2][body] GET https://api.github.com/repos/capbaldie/netflix-clone/actions/secrets/public-key {"message":"Not Found","documentation_url":"https://docs.github.com/rest/reference/actions#get-a-repository-public-key"}
[debug] [2022-10-25T15:28:47.873Z] <<< [apiv2][status] GET https://api.github.com/repos//actions/secrets/public-key 404
[debug] [2022-10-25T15:28:47.873Z] <<< [apiv2][body] GET https://api.github.com/repos//actions/secrets/public-key {"message":"Not Found","documentation_url":"https://docs.github.com/rest"}
[debug] [2022-10-25T15:28:48.010Z] <<< [apiv2][status] GET https://api.github.com/repos//actions/secrets/public-key 404
[debug] [2022-10-25T15:28:48.010Z] <<< [apiv2][body] GET https://api.github.com/repos//actions/secrets/public-key {"message":"Not Found","documentation_url":"https://docs.github.com/rest"}
[debug] [2022-10-25T15:29:57.323Z] >>> [apiv2][query] GET https://api.github.com/repos/capbaldie/netflix-clone/actions/secrets/public-key type=owner
[debug] [2022-10-25T15:29:57.621Z] >>> [apiv2][query] GET https://api.github.com/repos//actions/secrets/public-key type=owner
[debug] [2022-10-25T15:29:57.728Z] <<< [apiv2][status] GET https://api.github.com/repos/capbaldie/netflix-clone/actions/secrets/public-key 404
[debug] [2022-10-25T15:29:57.728Z] <<< [apiv2][body] GET https://api.github.com/repos/capbaldie/netflix-clone/actions/secrets/public-key {"message":"Not Found","documentation_url":"https://docs.github.com/rest/reference/actions#get-a-repository-public-key"}
[debug] [2022-10-25T15:29:58.054Z] <<< [apiv2][status] GET https://api.github.com/repos//actions/secrets/public-key 404
[debug] [2022-10-25T15:29:58.054Z] <<< [apiv2][body] GET https://api.github.com/repos//actions/secrets/public-key {"message":"Not Found","documentation_url":"https://docs.github.com/rest"}
